<?xml version="1.0" encoding="UTF-8"?>
<testng-results skipped="0" failed="0" total="1" passed="1">
  <reporter-output>
  </reporter-output>
  <suite name="Suite" duration-ms="15861" started-at="2015-11-06T07:25:44Z" finished-at="2015-11-06T07:26:00Z">
    <groups>
    </groups>
    <test name="Test" duration-ms="15861" started-at="2015-11-06T07:25:44Z" finished-at="2015-11-06T07:26:00Z">
      <class name="com.demo.jenkins.RegistrationTest">
        <test-method status="PASS" signature="testRegister()[pri:0, instance:com.demo.jenkins.RegistrationTest@53fd30]" name="testRegister" duration-ms="15836" started-at="2015-11-06T12:55:44Z" finished-at="2015-11-06T12:56:00Z">
          <reporter-output>
          </reporter-output>
        </test-method> <!-- testRegister -->
      </class> <!-- com.demo.jenkins.RegistrationTest -->
    </test> <!-- Test -->
  </suite> <!-- Suite -->
</testng-results>
