<?xml version="1.0" encoding="UTF-8"?>
<testng-results skipped="0" failed="0" total="1" passed="1">
  <reporter-output>
  </reporter-output>
  <suite name="Default suite" duration-ms="10724" started-at="2015-11-12T06:41:28Z" finished-at="2015-11-12T06:41:39Z">
    <groups>
    </groups>
    <test name="Default test" duration-ms="10724" started-at="2015-11-12T06:41:28Z" finished-at="2015-11-12T06:41:39Z">
      <class name="com.demo.jenkins.RegistrationTest">
        <test-method status="PASS" signature="testRegister()[pri:0, instance:com.demo.jenkins.RegistrationTest@5b84c0]" name="testRegister" duration-ms="10693" started-at="2015-11-12T12:11:28Z" finished-at="2015-11-12T12:11:39Z">
          <reporter-output>
          </reporter-output>
        </test-method> <!-- testRegister -->
      </class> <!-- com.demo.jenkins.RegistrationTest -->
    </test> <!-- Default test -->
  </suite> <!-- Default suite -->
</testng-results>
